<!--
  ~ Copyright 2022 Haulmont.
  ~
  ~ Licensed under the Apache License, Version 2.0 (the "License");
  ~ you may not use this file except in compliance with the License.
  ~ You may obtain a copy of the License at
  ~
  ~     http://www.apache.org/licenses/LICENSE-2.0
  ~
  ~ Unless required by applicable law or agreed to in writing, software
  ~ distributed under the License is distributed on an "AS IS" BASIS,
  ~ WITHOUT WARRANTIES OR CONDITIONS OF ANY KIND, either express or implied.
  ~ See the License for the specific language governing permissions and
  ~ limitations under the License.
  -->

<fetchPlans xmlns="http://jmix.io/schema/core/fetch-plans">

    <fetchPlan class="test_support.entity.sec.User" name="user.edit" extends="_local">
        <property name="group">
            <property name="name"/>
        </property>
        <property name="userRoles" fetchPlan="user.edit"/>
    </fetchPlan>

    <fetchPlan class="test_support.entity.sec.UserRole" name="user.edit">
        <property name="role">
            <property name="name"/>
            <property name="locName"/>
            <property name="defaultRole"/>
        </property>
    </fetchPlan>

    <fetchPlan class="test_support.entity.sec.User" name="user.browse" extends="_local" systemProperties="true">
        <property name="group" fetchPlan="_instance_name"/>
    </fetchPlan>

    <fetchPlan class="test_support.entity.sales.Customer" name="customer-local-with-address" extends="_local">
        <property name="address" fetchPlan="_local"/>
    </fetchPlan>

</fetchPlans>