<!--
  ~ Copyright 2024 Haulmont.
  ~
  ~ Licensed under the Apache License, Version 2.0 (the "License");
  ~ you may not use this file except in compliance with the License.
  ~ You may obtain a copy of the License at
  ~
  ~     http://www.apache.org/licenses/LICENSE-2.0
  ~
  ~ Unless required by applicable law or agreed to in writing, software
  ~ distributed under the License is distributed on an "AS IS" BASIS,
  ~ WITHOUT WARRANTIES OR CONDITIONS OF ANY KIND, either express or implied.
  ~ See the License for the specific language governing permissions and
  ~ limitations under the License.
  -->

<fragment xmlns="http://jmix.io/schema/flowui/fragment">
    <data>
        <instance id="addressDc" provided="true"
                  class="test_support.entity.petclinic.Address">
            <fetchPlan extends="_base"/>
        </instance>
        <collection id="countriesDc" provided="true"
                    class="test_support.entity.petclinic.Country">
            <loader id="countriesDl" provided="true"/>
        </collection>
    </data>

    <content>
        <formLayout id="formLayout" dataContainer="addressDc">
            <entityComboBox id="countryField" property="country" itemsContainer="countriesDc"/>
            <entityComboBox id="cityField" metaClass="pc_City" property="city"/>
            <textField id="postcodeField" property="postcode"/>
            <textField id="addressLine1Field" property="line1"/>
            <textField id="addressLine2Field" property="line2"/>
        </formLayout>
    </content>
</fragment>