<!--
  ~ Copyright 2024 Haulmont.
  ~
  ~ Licensed under the Apache License, Version 2.0 (the "License");
  ~ you may not use this file except in compliance with the License.
  ~ You may obtain a copy of the License at
  ~
  ~     http://www.apache.org/licenses/LICENSE-2.0
  ~
  ~ Unless required by applicable law or agreed to in writing, software
  ~ distributed under the License is distributed on an "AS IS" BASIS,
  ~ WITHOUT WARRANTIES OR CONDITIONS OF ANY KIND, either express or implied.
  ~ See the License for the specific language governing permissions and
  ~ limitations under the License.
  -->

<fragment xmlns="http://jmix.io/schema/flowui/fragment">
    <data>
        <collection id="productsDc" provided="true"
                    class="test_support.entity.sales.Product"/>
    </data>
    <actions>
        <action id="testAction" text="msg://testAction.text" icon="PLUS"/>
    </actions>
    <content>
        <vbox id="contentBox" classNames="overflow-auto">
            <hbox id="buttonsPanel" classNames="buttons-panel">
                <button id="createBtn" action="dataGrid.create"/>
                <button id="editBtn" action="dataGrid.edit"/>
                <button id="removeBtn" action="dataGrid.remove"/>
                <button id="testBtn" action="testAction"/>
                <gridColumnVisibility dataGrid="dataGrid" icon="COG_O"/>
            </hbox>
            <dataGrid id="dataGrid"
                      dataContainer="productsDc"
                      width="100%"
                      minHeight="20em">
                <actions>
                    <action id="create" type="list_create"/>
                    <action id="edit" type="list_edit"/>
                    <action id="remove" type="list_remove"/>
                </actions>
                <columns resizable="true">
                    <column property="name"/>
                    <column property="price"/>
                </columns>
            </dataGrid>
        </vbox>
    </content>
</fragment>