<!--
  ~ Copyright 2025 Haulmont.
  ~
  ~ Licensed under the Apache License, Version 2.0 (the "License");
  ~ you may not use this file except in compliance with the License.
  ~ You may obtain a copy of the License at
  ~
  ~     http://www.apache.org/licenses/LICENSE-2.0
  ~
  ~ Unless required by applicable law or agreed to in writing, software
  ~ distributed under the License is distributed on an "AS IS" BASIS,
  ~ WITHOUT WARRANTIES OR CONDITIONS OF ANY KIND, either express or implied.
  ~ See the License for the specific language governing permissions and
  ~ limitations under the License.
  -->

<view xmlns="http://jmix.io/schema/flowui/view">
    <data readOnly="true">
        <instance id="orderDc"
                  class="test_support.entity.sales.Order">
            <fetchPlan extends="_base">
                <property name="user" fetchPlan="_base"/>
            </fetchPlan>
            <loader id="orderDl">
                <query>
                    <![CDATA[select e from test_Order e]]>
                </query>
            </loader>
        </instance>
        <collection id="ordersDc"
                    class="test_support.entity.sales.Order">
            <fetchPlan extends="_base">
                <property name="user" fetchPlan="_base"/>
            </fetchPlan>
            <loader id="ordersDl">
                <query>
                    <![CDATA[select e from test_Order e]]>
                </query>
            </loader>
        </collection>
    </data>
    <actions>
        <action id="actionId"/>
    </actions>
    <layout>
        <button id="button_1" action="actionId"/>
        <button id="button_2" text="text"/>
        <textField id="textField_1" dataContainer="orderDc" property="number"/>
        <textField id="textField_2" dataContainer="orderDc" property="user.name"/>
        <textField id="textField_3" label="label"/>
        <dataGrid id="dataGrid" dataContainer="ordersDc">
            <columns>
                <column property="number"/>
            </columns>
        </dataGrid>
    </layout>
</view>
