<?xml version="1.0" encoding="UTF-8"?>
<!--
  ~ Copyright (c) Haulmont 2023. All Rights Reserved.
  ~ Use is subject to license terms.
  -->

<databaseChangeLog
        xmlns="http://www.liquibase.org/xml/ns/dbchangelog"
        xmlns:xsi="http://www.w3.org/2001/XMLSchema-instance"
        xsi:schemaLocation="http://www.liquibase.org/xml/ns/dbchangelog
                      http://www.liquibase.org/xml/ns/dbchangelog/dbchangelog-3.8.xsd">

    <include file="/io/jmix/flowuidata/liquibase/changelog.xml"/>

    <includeAll path="/test_support/liquibase/changelog"/>

</databaseChangeLog>
