<?xml version="1.0" encoding="UTF-8" standalone="no"?>
<!--
  ~ Copyright 2022 Haulmont.
  ~
  ~ Licensed under the Apache License, Version 2.0 (the "License");
  ~ you may not use this file except in compliance with the License.
  ~ You may obtain a copy of the License at
  ~
  ~     http://www.apache.org/licenses/LICENSE-2.0
  ~
  ~ Unless required by applicable law or agreed to in writing, software
  ~ distributed under the License is distributed on an "AS IS" BASIS,
  ~ WITHOUT WARRANTIES OR CONDITIONS OF ANY KIND, either express or implied.
  ~ See the License for the specific language governing permissions and
  ~ limitations under the License.
  -->

<mainView xmlns="http://jmix.io/schema/flowui/main-view">
    <actions>
        <action id="logout" type="logout"/>
    </actions>
    <appLayout>
        <navigationBar>
            <header id="header" classNames="jmix-main-view-header">
                <drawerToggle id="drawerToggle"
                              classNames="jmix-main-view-drawer-toggle"
                              themeNames="contrast"/>
                <h1 id="viewTitle" classNames="jmix-main-view-title"/>
            </header>
        </navigationBar>
        <drawerLayout>
            <section id="section" classNames="jmix-main-view-section">
                <h2 id="applicationTitle"
                    classNames="jmix-main-view-application-title"/>
                <nav id="navigation"
                     classNames="jmix-main-view-navigation">
                </nav>
                <footer id="footer" classNames="jmix-main-view-footer">
                    <button id="logoutButton"
                            action="logout"
                            classNames="jmix-logout-button"/>
                </footer>
            </section>
        </drawerLayout>
    </appLayout>
</mainView>